\BOOKMARK [0][-]{chapter.1}{Introduction}{}
\BOOKMARK [1][-]{section.1.1}{Project Focus}{chapter.1}
\BOOKMARK [1][-]{section.1.2}{Vulnerability Definition}{chapter.1}
\BOOKMARK [1][-]{section.1.3}{CERN Web Landscape}{chapter.1}
\BOOKMARK [2][-]{subsection.1.3.1}{CERN Websites}{section.1.3}
\BOOKMARK [2][-]{subsection.1.3.2}{Non-central Web Servers}{section.1.3}
\BOOKMARK [1][-]{section.1.4}{CERN Web Security}{chapter.1}
\BOOKMARK [2][-]{subsection.1.4.1}{Prevention}{section.1.4}
\BOOKMARK [2][-]{subsection.1.4.2}{Detection}{section.1.4}
\BOOKMARK [1][-]{section.1.5}{Relevant Tools}{chapter.1}
\BOOKMARK [2][-]{subsection.1.5.1}{Web Application Scanning}{section.1.5}
\BOOKMARK [2][-]{subsection.1.5.2}{Detection Scripts}{section.1.5}
\BOOKMARK [1][-]{section.1.6}{Project Objectives}{chapter.1}
\BOOKMARK [0][-]{chapter.2}{Vulnerability Notification Tool}{}
\BOOKMARK [1][-]{section.2.1}{Motivation}{chapter.2}
\BOOKMARK [1][-]{section.2.2}{Source Evaluation}{chapter.2}
\BOOKMARK [2][-]{subsection.2.2.1}{Approach}{section.2.2}
\BOOKMARK [2][-]{subsection.2.2.2}{Vulnerability Sources}{section.2.2}
\BOOKMARK [2][-]{subsection.2.2.3}{Conclusion}{section.2.2}
\BOOKMARK [1][-]{section.2.3}{National Vulnerability Database}{chapter.2}
\BOOKMARK [2][-]{subsection.2.3.1}{Data Feeds}{section.2.3}
\BOOKMARK [2][-]{subsection.2.3.2}{Challenges}{section.2.3}
\BOOKMARK [1][-]{section.2.4}{Product Name Matching}{chapter.2}
\BOOKMARK [2][-]{subsection.2.4.1}{Approach}{section.2.4}
\BOOKMARK [2][-]{subsection.2.4.2}{Algorithm}{section.2.4}
\BOOKMARK [2][-]{subsection.2.4.3}{Evaluation}{section.2.4}
\BOOKMARK [1][-]{section.2.5}{Vulnerable Resources}{chapter.2}
\BOOKMARK [1][-]{section.2.6}{Output and Notifications}{chapter.2}
\BOOKMARK [1][-]{section.2.7}{Results}{chapter.2}
\BOOKMARK [0][-]{chapter.3}{Scanner}{}
\BOOKMARK [1][-]{section.3.1}{Motivation}{chapter.3}
\BOOKMARK [2][-]{subsection.3.1.1}{Use Cases}{section.3.1}
\BOOKMARK [1][-]{section.3.2}{Scanner Specifications}{chapter.3}
\BOOKMARK [2][-]{subsection.3.2.1}{Plugin Specifications}{section.3.2}
\BOOKMARK [2][-]{subsection.3.2.2}{Scanner Options}{section.3.2}
\BOOKMARK [2][-]{subsection.3.2.3}{Targets}{section.3.2}
\BOOKMARK [2][-]{subsection.3.2.4}{Output}{section.3.2}
\BOOKMARK [1][-]{section.3.3}{Conclusion}{chapter.3}
\BOOKMARK [0][-]{chapter.4}{Conclusion and Future Work}{}
\BOOKMARK [1][-]{section.4.1}{Vulnerability Notification Tool}{chapter.4}
\BOOKMARK [1][-]{section.4.2}{Scanner}{chapter.4}
\BOOKMARK [0][-]{section*.56}{Bibliography}{}
\BOOKMARK [0][-]{appendix.A}{VNT Evaluation Method}{}
\BOOKMARK [1][-]{subsection.A.0.1}{Calculating the Number of Vulnerabilities}{appendix.A}
\BOOKMARK [0][-]{appendix.B}{Implementation Details}{}
\BOOKMARK [1][-]{section.B.1}{Vulnerability Notification Tool}{appendix.B}
\BOOKMARK [1][-]{section.B.2}{Scanner}{appendix.B}
